<?xml version="1.0" encoding="UTF-8"?>
<!-- Generated by org.testng.reporters.JUnitReportReporter -->
<testsuite hostname="DESKTOP-084DVI0" name="com.SSP_Web_POM_TestScripts.TC_02" tests="1" failures="0" timestamp="24 Jun 2020 19:26:51 GMT" time="18.127" errors="0">
  <testcase name="TC_002" time="18.127" classname="com.SSP_Web_POM_TestScripts.TC_02"/>
</testsuite> <!-- com.SSP_Web_POM_TestScripts.TC_02 -->
