<?xml version="1.0" encoding="UTF-8"?>
<!-- Generated by org.testng.reporters.JUnitReportReporter -->
<testsuite hostname="DESKTOP-084DVI0" name="com.SSP_Web_POM_TestScripts.TC_01" tests="1" failures="0" timestamp="24 Jun 2020 19:26:51 GMT" time="181.099" errors="0">
  <testcase name="Tc_001" time="181.099" classname="com.SSP_Web_POM_TestScripts.TC_01"/>
</testsuite> <!-- com.SSP_Web_POM_TestScripts.TC_01 -->
